<?xml version="1.0" encoding="UTF-8"?>
<testng-results ignored="0" total="1" passed="1" failed="0" skipped="0">
  <reporter-output>
  </reporter-output>
  <suite started-at="2023-03-01T20:58:35 IST" name="Default suite" finished-at="2023-03-01T21:00:17 IST" duration-ms="102223">
    <groups>
    </groups>
    <test started-at="2023-03-01T20:58:35 IST" name="Default test" finished-at="2023-03-01T21:00:17 IST" duration-ms="102223">
      <class name="com.planit.Testcases.Demo">
        <test-method signature="demoregistration()[pri:0, instance:com.planit.Testcases.Demo@5f9b2141]" started-at="2023-03-01T20:58:35 IST" name="demoregistration" finished-at="2023-03-01T21:00:17 IST" duration-ms="102183" status="PASS">
          <reporter-output>
          </reporter-output>
        </test-method> <!-- demoregistration -->
      </class> <!-- com.planit.Testcases.Demo -->
    </test> <!-- Default test -->
  </suite> <!-- Default suite -->
</testng-results>
